0000:03:00.0 (1b36 0010): Already using the vfio-pci driver
0000:00:02.0 (1af4 1001): Active mountpoints on /dev/vda, so not binding


xnvme_dev:
  xnvme_ident:
    trgt: '0000:03:00.0'
    schm: 'pci'
    opts: '?nsid=1'
    uri: 'pci:0000:03:00.0?nsid=1'
  xnvme_be:
    async: {id: 'nvme_driver', enabled: 1}
    sync: {id: 'nvme_driver', enabled: 1}
    attr: {name: 'spdk', enabled: 1}
  xnvme_cmd_opts:
    mask: '00000000000000000000000000000001'
    iomd: 'SYNC'
    payload_data: 'DRV'
    payload_meta: 'DRV'
    csi: 0x0
    nsid: 0x1
    ssw: 9
  xnvme_geo:
    type: XNVME_GEO_CONVENTIONAL
    npugrp: 1
    npunit: 1
    nzone: 1
    nsect: 16777216
    nbytes: 512
    nbytes_oob: 0
    tbytes: 8589934592
    mdts_nbytes: 524288
    lba_nbytes: 512
    lba_extended: 0

