xnvme_dev:
  xnvme_ident:
    trgt: '/dev/nvme0n1'
    schm: 'file'
    opts: ''
    uri: 'file:/dev/nvme0n1'
  xnvme_be:
    async: {id: 'thr', enabled: 1}
    sync: {id: 'nvme_ioctl', enabled: 1}
    attr: {name: 'linux', enabled: 1}
  xnvme_cmd_opts:
    mask: '00000000000000000000000000000001'
    iomd: 'SYNC'
    payload_data: 'DRV'
    payload_meta: 'DRV'
    csi: 0x0
    nsid: 0x1
    ssw: 9
  xnvme_geo:
    type: XNVME_GEO_CONVENTIONAL
    npugrp: 1
    npunit: 1
    nzone: 1
    nsect: 16777216
    nbytes: 512
    nbytes_oob: 0
    tbytes: 8589934592
    mdts_nbytes: 65024
    lba_nbytes: 512
    lba_extended: 0

