

xnvme_dev:
  xnvme_ident:
    uri: '/dev/nvme0n1'
    type: 'XNVME_IDENT_NS'
    nst: 'XNVME_SPEC_NSTYPE_LBLK'
    nsid: 0x1
    be_uri: '/dev/nvme0n1'
    be_name: 'LIOU'
    be_id: 0xbeaf
  xnvme_cmd_opts:
    mask: '00000000000000000000000000000001'
    iomd: 'SYNC'
    payload_data: 'DRV'
    payload_meta: 'DRV'
    ssw: 12
  xnvme_geo:
    type: XNVME_GEO_CONVENTIONAL
    npugrp: 1
    npunit: 1
    nzone: 1
    nsect: 2097152
    nbytes: 4096
    nbytes_oob: 0
    tbytes: 8589934592
    tmbytes: 8192
    mdts_nbytes: 67108864

