# MGMT: zslba: 0x0000000000000000, action: 0x4, str: ZND_SEND_RESET
# Completed without errors


# Zone Information Report for lba: 0x0000000000000000, limit: 1
znd_report:
  report_nbytes: 128
  entries_nbytes: 64
  zd_nbytes: 64
  zdext_nbytes: 0
  zrent_nbytes: 64
  zslba: 0x0000000000000000
  zelba: 0x0000000000000000
  nzones: 512
  nentries: 1
  entries:
    - {zt: 0x2, zs:   ZND_STATE_EMPTY, za: '0b00000000', zslba: 0x0000000000000000, wp: 0x0000000000000000, zcap: 4096}
# Completed without errors


# Zone Append nlb: 0 to zslba: 0x0000000000000000
# Allocating dbuf
# Filling dbuf with random data
# Completed without errors
# Appended to slba: 0x0000000000000000


# Zone Append nlb: 0 to zslba: 0x0000000000000000
# Allocating dbuf
# Filling dbuf with random data
# Completed without errors
# Appended to slba: 0x0000000000000001


# Zone Append nlb: 0 to zslba: 0x0000000000000000
# Allocating dbuf
# Filling dbuf with random data
# Completed without errors
# Appended to slba: 0x0000000000000002


# Zone Information Report for lba: 0x0000000000000000, limit: 1
znd_report:
  report_nbytes: 128
  entries_nbytes: 64
  zd_nbytes: 64
  zdext_nbytes: 0
  zrent_nbytes: 64
  zslba: 0x0000000000000000
  zelba: 0x0000000000000000
  nzones: 512
  nentries: 1
  entries:
    - {zt: 0x2, zs:   ZND_STATE_IOPEN, za: '0b00000000', zslba: 0x0000000000000000, wp: 0x0000000000000003, zcap: 4096}
# Completed without errors

