# Output from "./hello /dev/disk4"
xnvme_dev:
  xnvme_ident:
    uri: '/dev/disk4'
    dtype: 0x3
    nsid: 0x1
    csi: 0x0
    subnqn: 'nqn.1994-11.com.samsung:nvme:PM1733:2.5-inch:S537NE0MB00092      '
  xnvme_be:
    admin: {id: 'nvme'}
    sync: {id: 'psync'}
    async: {id: 'emu'}
    attr: {name: 'macos'}
  xnvme_opts:
    be: 'macos'
    mem: 'posix'
    dev: 'FIX-ID-VS-MIXIN-NAME'
    admin: 'nvme'
    sync: 'psync'
    async: 'emu'
  xnvme_geo:
    type: XNVME_GEO_CONVENTIONAL
    npugrp: 1
    npunit: 1
    nzone: 1
    nsect: 7501476528
    nbytes: 512
    nbytes_oob: 0
    tbytes: 3840755982336
    mdts_nbytes: 1048576
    lba_nbytes: 512
    lba_extended: 0
    ssw: 9
    pi_type: 0
    pi_loc: 0
    pi_format: 0
