# Output from "xnvme-driver"
0000:01:00.0 (144d a80c): nvme -> vfio-pci
0000:02:00.0 (144d a80c): Active mountpoints on /dev/nvme0n1, so not binding PCI dev
0000:05:00.0 (144d a824): nvme -> vfio-pci

# Output from "sudo ./hello 0000:05:00.0"
xnvme_dev:
  xnvme_ident:
    uri: '0000:05:00.0'
    dtype: 0x2
    nsid: 0x1
    csi: 0x0
    subnqn: 'nqn.1994-11.com.samsung:nvme:PM1733:2.5-inch:S537NE0MB00092      '
  xnvme_be:
    admin: {id: 'nvme'}
    sync: {id: 'nvme'}
    async: {id: 'nvme'}
    attr: {name: 'spdk'}
  xnvme_opts:
    be: 'spdk'
    mem: 'spdk'
    dev: 'FIX-ID-VS-MIXIN-NAME'
    admin: 'nvme'
    sync: 'nvme'
    async: 'nvme'
  xnvme_geo:
    type: XNVME_GEO_CONVENTIONAL
    npugrp: 1
    npunit: 1
    nzone: 1
    nsect: 7501476528
    nbytes: 512
    nbytes_oob: 0
    tbytes: 3840755982336
    mdts_nbytes: 1048576
    lba_nbytes: 512
    lba_extended: 0
    ssw: 9
    pi_type: 0
    pi_loc: 0
    pi_format: 0
