

xnvme_dev:
  xnvme_ident:
    trgt: '/dev/nvme0n1'
    schm: 'file'
    opts: ''
    uri: 'file:/dev/nvme0n1'
  xnvme_be:
    admin: {id: 'nvme'}
    sync: {id: 'nvme'}
    async: {id: 'emu'}
    attr: {name: 'linux'}
  xnvme_cmd_opts:
    csi: 0x0
    nsid: 0x1
  xnvme_geo:
    type: XNVME_GEO_CONVENTIONAL
    npugrp: 1
    npunit: 1
    nzone: 1
    nsect: 16777216
    nbytes: 512
    nbytes_oob: 0
    tbytes: 8589934592
    mdts_nbytes: 65024
    lba_nbytes: 512
    lba_extended: 0
    ssw: 9

