





xnvme_dev:
  xnvme_ident:
    trgt: '/dev/nullb0'
    schm: 'file'
    opts: ''
    uri: 'file:/dev/nullb0'
  xnvme_be:
    admin: {id: 'block'}
    sync: {id: 'block'}
    async: {id: 'emu'}
    attr: {name: 'linux'}
  xnvme_cmd_opts:
    csi: 0x2
    nsid: 0x1
  xnvme_geo:
    type: XNVME_GEO_ZONED
    npugrp: 1
    npunit: 1
    nzone: 1000
    nsect: 524288
    nbytes: 512
    nbytes_oob: 0
    tbytes: 268435456000
    mdts_nbytes: 65024
    lba_nbytes: 512
    lba_extended: 0
    ssw: 9





