xnvme_dev:
  xnvme_ident:
    uri: '\\.\PhysicalDrive0'
    dtype: 0x2
    nsid: 0x1
    csi: 0x0
    subnqn: 'nqn.1994-11.com.samsung:nvme:980M.2:S649NL0T973010L     '
  xnvme_be:
    admin: {id: 'nvme'}
    sync: {id: 'nvme'}
    async: {id: 'iocp'}
    attr: {name: 'windows'}
  xnvme_opts:
    be: 'windows'
    mem: 'windows'
    dev: 'FIX-ID-VS-MIXIN-NAME'
    admin: 'nvme'
    sync: 'nvme'
    async: 'iocp'
    oflags: 0x4
  xnvme_geo:
    type: XNVME_GEO_CONVENTIONAL
    npugrp: 1
    npunit: 1
    nzone: 1
    nsect: 1953525168
    nbytes: 512
    nbytes_oob: 0
    tbytes: 1000204886016
    mdts_nbytes: 65024
    lba_nbytes: 512
    lba_extended: 0
    ssw: 9