# xNVMe Library Information
ver: {major: 0, minor: 0, patch: 23}
xnvme_3p:
  - 'fio;git-describe:fio-3.25'
  - 'libnvme;git-rev:master/a458217'
  - 'liburing;git-describe:liburing-2.0'
  - 'spdk;git-describe:v21.01.1;+patches'
  - 'linux;LINUX_VERSION_CODE-UAPI/330268-5.10.28'
xnvme_be_attr_list:
  count: 4
  capacity: 4
  items:
  - name: 'spdk'
    enabled: 1
    schemes: ['pci', 'pcie', 'fab', 'spdk']

  - name: 'linux'
    enabled: 1
    schemes: ['file', 'lnx']

  - name: 'fbsd'
    enabled: 0
    schemes: ['file', 'fbsd']

  - name: 'posix'
    enabled: 1
    schemes: ['file', 'psx']


